
<!-- saved from url=(0077)file:///F:/java/workspace/AppUI-master/test-result/result/TestNG_%20Test.html -->
<html><head><meta http-equiv="Content-Type" content="text/html; charset=windows-1252">
<title>TestNG:  Test</title>
<link href="./TestNG_ Test_files/testng.css" rel="stylesheet" type="text/css">
<link href="file:///F:/java/workspace/AppUI-master/test-output/my-testng.css" rel="stylesheet" type="text/css">

<style type="text/css">
.log { display: none;} 
.stack-trace { display: none;} 
</style>
<script type="text/javascript">
<!--
function flip(e) {
  current = e.style.display;
  if (current == 'block') {
    e.style.display = 'none';
    return 0;
  }
  else {
    e.style.display = 'block';
    return 1;
  }
}

function toggleBox(szDivId, elem, msg1, msg2)
{
  var res = -1;  if (document.getElementById) {
    res = flip(document.getElementById(szDivId));
  }
  else if (document.all) {
    // this is the way old msie versions work
    res = flip(document.all[szDivId]);
  }
  if(elem) {
    if(res == 0) elem.innerHTML = msg1; else elem.innerHTML = msg2;
  }

}

function toggleAllBoxes() {
  if (document.getElementsByTagName) {
    d = document.getElementsByTagName('div');
    for (i = 0; i < d.length; i++) {
      if (d[i].className == 'log') {
        flip(d[i]);
      }
    }
  }
}

// -->
</script>

</head>
<body>
<h2 align="center">Test</h2><table border="1" align="center">
<tbody><tr>
<td>Tests passed/Failed/Skipped:</td><td>2/0/0</td>
</tr><tr>
<td>Started on:</td><td>Sat Jun 02  CST 2018</td>
</tr>
<tr><td>Total time:</td><td>0 seconds (42 ms)</td>
</tr><tr>
<td>Included groups:</td><td></td>
</tr><tr>
<td>Excluded groups:</td><td></td>
</tr>
</tbody></table><p>
<small><i>(Hover the method name to see the test class name)</i></small></p><p>
<table width="100%" border="1" class="invocation-failed">
<tbody><tr><td colspan="4" align="center"><b>FAILED CONFIGURATIONS</b></td></tr>
<tr><td><b>Test method</b></td>
<td width="30%"><b>Exception</b></td>
<td width="10%"><b>Time (seconds)</b></td>
<td><b>Instance</b></td>
</tr>
<tr>
<td title="com.appium.keyword.android.AndroidParallelTest.beforeTest()"><b>beforeTest</b><br>Test class: com.appium.keyword.android.AndroidParallelTest</td>
<td><div><pre>org.testng.TestNGException: 
Parameter 'deviceNum' is required by BeforeTest on method beforeTest but has not been marked @Optional or defined
in F:\java\workspace\AppUI-master\testng.xml
... Removed 21 stack frames</pre></div><a href="file:///F:/java/workspace/AppUI-master/test-output/Suite/Test.html#" onclick="toggleBox(&quot;stack-trace1084502906&quot;, this, &quot;Click to show all stack frames&quot;, &quot;Click to hide stack frames&quot;)">Click to show all stack frames</a>
<div class="stack-trace" id="stack-trace1084502906"><pre>org.testng.TestNGException: 
Parameter 'deviceNum' is required by BeforeTest on method beforeTest but has not been marked @Optional or defined
in F:\java\workspace\AppUI-master\testng.xml
	at org.testng.internal.Parameters.createParams(Parameters.java:290)
	at org.testng.internal.Parameters.createParametersForMethod(Parameters.java:359)
	at org.testng.internal.Parameters.createParameters(Parameters.java:620)
	at org.testng.internal.Parameters.createConfigurationParameters(Parameters.java:190)
	at org.testng.internal.Invoker.invokeConfigurations(Invoker.java:209)
	at org.testng.internal.Invoker.invokeConfigurations(Invoker.java:142)
	at org.testng.TestRunner.beforeRun(TestRunner.java:529)
	at org.testng.TestRunner.run(TestRunner.java:497)
	at org.testng.SuiteRunner.runTest(SuiteRunner.java:455)
	at org.testng.SuiteRunner.runSequentially(SuiteRunner.java:450)
	at org.testng.SuiteRunner.privateRun(SuiteRunner.java:415)
	at org.testng.SuiteRunner.run(SuiteRunner.java:364)
	at org.testng.SuiteRunnerWorker.runSuite(SuiteRunnerWorker.java:52)
	at org.testng.SuiteRunnerWorker.run(SuiteRunnerWorker.java:84)
	at org.testng.TestNG.runSuitesSequentially(TestNG.java:1208)
	at org.testng.TestNG.runSuitesLocally(TestNG.java:1137)
	at org.testng.TestNG.runSuites(TestNG.java:1049)
	at org.testng.TestNG.run(TestNG.java:1017)
	at org.testng.remote.AbstractRemoteTestNG.run(AbstractRemoteTestNG.java:114)
	at org.testng.remote.RemoteTestNG.initAndRun(RemoteTestNG.java:251)
	at org.testng.remote.RemoteTestNG.main(RemoteTestNG.java:77)
</pre></div></td>
<td>0</td>
<td>com.appium.keyword.android.AndroidParallelTest@689604d9</td></tr>
</tbody></table></p><p>
<table width="100%" border="1" class="invocation-skipped">
<tbody><tr><td colspan="4" align="center"><b>SKIPPED CONFIGURATIONS</b></td></tr>
<tr><td><b>Test method</b></td>
<td width="30%"><b>Exception</b></td>
<td width="10%"><b>Time (seconds)</b></td>
<td><b>Instance</b></td>
</tr>
<tr>
<td title="com.appium.keyword.android.AndroidParallelTest.beforeTest()"><b>beforeTest</b><br>Test class: com.appium.keyword.android.AndroidParallelTest</td>
<td></td>
<td>0</td>
<td>com.appium.keyword.android.AndroidSimpleTest@35d019a3</td></tr>
<tr>
<td title="com.appium.keyword.android.AndroidParallelTest.afterTest()"><b>afterTest</b><br>Test class: com.appium.keyword.android.AndroidParallelTest</td>
<td></td>
<td>0</td>
<td>com.appium.keyword.android.AndroidParallelTest@689604d9</td></tr>
<tr>
<td title="com.appium.keyword.android.AndroidParallelTest.afterTest()"><b>afterTest</b><br>Test class: com.appium.keyword.android.AndroidParallelTest</td>
<td></td>
<td>0</td>
<td>com.appium.keyword.android.AndroidSimpleTest@35d019a3</td></tr>
</tbody></table></p><p>
<table width="100%" border="1" class="invocation-skipped">
<tbody><tr><td colspan="4" align="center"><b>SKIPPED TESTS</b></td></tr>
<tr><td><b>Test method</b></td>
<td width="30%"><b>Exception</b></td>
<td width="10%"><b>Time (seconds)</b></td>
<td><b>Instance</b></td>
</tr>
<tr>
<td title="com.appium.keyword.android.AndroidSimpleTest.test()"><b>test</b><br>Test class: com.appium.keyword.android.AndroidSimpleTest</td>
<td><div><pre>org.testng.TestNGException: 
Parameter 'deviceNum' is required by BeforeTest on method beforeTest but has not been marked @Optional or defined
in F:\java\workspace\AppUI-master\testng.xml
... Removed 21 stack frames</pre></div><a href="file:///F:/java/workspace/AppUI-master/test-output/Suite/Test.html#" onclick="toggleBox(&quot;stack-trace978508707&quot;, this, &quot;Click to show all stack frames&quot;, &quot;Click to hide stack frames&quot;)">Click to show all stack frames</a>
<div class="stack-trace" id="stack-trace978508707"><pre>org.testng.TestNGException: 
Parameter 'deviceNum' is required by BeforeTest on method beforeTest but has not been marked @Optional or defined
in F:\java\workspace\AppUI-master\testng.xml
	at org.testng.internal.Parameters.createParams(Parameters.java:290)
	at org.testng.internal.Parameters.createParametersForMethod(Parameters.java:359)
	at org.testng.internal.Parameters.createParameters(Parameters.java:620)
	at org.testng.internal.Parameters.createConfigurationParameters(Parameters.java:190)
	at org.testng.internal.Invoker.invokeConfigurations(Invoker.java:209)
	at org.testng.internal.Invoker.invokeConfigurations(Invoker.java:142)
	at org.testng.TestRunner.beforeRun(TestRunner.java:529)
	at org.testng.TestRunner.run(TestRunner.java:497)
	at org.testng.SuiteRunner.runTest(SuiteRunner.java:455)
	at org.testng.SuiteRunner.runSequentially(SuiteRunner.java:450)
	at org.testng.SuiteRunner.privateRun(SuiteRunner.java:415)
	at org.testng.SuiteRunner.run(SuiteRunner.java:364)
	at org.testng.SuiteRunnerWorker.runSuite(SuiteRunnerWorker.java:52)
	at org.testng.SuiteRunnerWorker.run(SuiteRunnerWorker.java:84)
	at org.testng.TestNG.runSuitesSequentially(TestNG.java:1208)
	at org.testng.TestNG.runSuitesLocally(TestNG.java:1137)
	at org.testng.TestNG.runSuites(TestNG.java:1049)
	at org.testng.TestNG.run(TestNG.java:1017)
	at org.testng.remote.AbstractRemoteTestNG.run(AbstractRemoteTestNG.java:114)
	at org.testng.remote.RemoteTestNG.initAndRun(RemoteTestNG.java:251)
	at org.testng.remote.RemoteTestNG.main(RemoteTestNG.java:77)
</pre></div></td>
<td>0</td>
<td>com.appium.keyword.android.AndroidSimpleTest@35d019a3</td></tr>
<tr>
<td title="com.appium.keyword.android.AndroidParallelTest.testLogin()"><b>testLogin</b><br>Test class: com.appium.keyword.android.AndroidParallelTest</td>
<td><div><pre>org.testng.TestNGException: 
Parameter 'deviceNum' is required by BeforeTest on method beforeTest but has not been marked @Optional or defined
in F:\java\workspace\AppUI-master\testng.xml
... Removed 21 stack frames</pre></div><a href="file:///F:/java/workspace/AppUI-master/test-output/Suite/Test.html#" onclick="toggleBox(&quot;stack-trace1101184763&quot;, this, &quot;Click to show all stack frames&quot;, &quot;Click to hide stack frames&quot;)">Click to show all stack frames</a>
<div class="stack-trace" id="stack-trace1101184763"><pre>org.testng.TestNGException: 
Parameter 'deviceNum' is required by BeforeTest on method beforeTest but has not been marked @Optional or defined
in F:\java\workspace\AppUI-master\testng.xml
	at org.testng.internal.Parameters.createParams(Parameters.java:290)
	at org.testng.internal.Parameters.createParametersForMethod(Parameters.java:359)
	at org.testng.internal.Parameters.createParameters(Parameters.java:620)
	at org.testng.internal.Parameters.createConfigurationParameters(Parameters.java:190)
	at org.testng.internal.Invoker.invokeConfigurations(Invoker.java:209)
	at org.testng.internal.Invoker.invokeConfigurations(Invoker.java:142)
	at org.testng.TestRunner.beforeRun(TestRunner.java:529)
	at org.testng.TestRunner.run(TestRunner.java:497)
	at org.testng.SuiteRunner.runTest(SuiteRunner.java:455)
	at org.testng.SuiteRunner.runSequentially(SuiteRunner.java:450)
	at org.testng.SuiteRunner.privateRun(SuiteRunner.java:415)
	at org.testng.SuiteRunner.run(SuiteRunner.java:364)
	at org.testng.SuiteRunnerWorker.runSuite(SuiteRunnerWorker.java:52)
	at org.testng.SuiteRunnerWorker.run(SuiteRunnerWorker.java:84)
	at org.testng.TestNG.runSuitesSequentially(TestNG.java:1208)
	at org.testng.TestNG.runSuitesLocally(TestNG.java:1137)
	at org.testng.TestNG.runSuites(TestNG.java:1049)
	at org.testng.TestNG.run(TestNG.java:1017)
	at org.testng.remote.AbstractRemoteTestNG.run(AbstractRemoteTestNG.java:114)
	at org.testng.remote.RemoteTestNG.initAndRun(RemoteTestNG.java:251)
	at org.testng.remote.RemoteTestNG.main(RemoteTestNG.java:77)
</pre></div></td>
<td>0</td>
<td>com.appium.keyword.android.AndroidParallelTest@689604d9</td></tr>
</tbody></table></p><p>

</p></body></html>